============================= test session starts ==============================
platform darwin -- Python 3.14.4, pytest-8.0.2, pluggy-1.6.0 -- /Users/karan_1302/Desktop/AutoML-SWElab/AutoML-SWElab/lab8/backend/venv/bin/python
cachedir: .pytest_cache
rootdir: /Users/karan_1302/Desktop/AutoML-SWElab/AutoML-SWElab
plugins: anyio-4.13.0
collecting ... collected 25 items

lab9/test_auth_module.py::test_case_1_successful_registration PASSED     [  4%]
lab9/test_auth_module.py::test_case_2_duplicate_email_registration PASSED [  8%]
lab9/test_auth_module.py::test_case_3_invalid_email_format PASSED        [ 12%]
lab9/test_auth_module.py::test_case_4_weak_password PASSED               [ 16%]
lab9/test_auth_module.py::test_case_5_successful_login PASSED            [ 20%]
lab9/test_auth_module.py::test_case_6_incorrect_password PASSED          [ 24%]
lab9/test_auth_module.py::test_case_7_nonexistent_email PASSED           [ 28%]
lab9/test_auth_module.py::test_case_8_password_hashing_security PASSED   [ 32%]
lab9/test_auth_module.py::test_case_9_empty_email PASSED                 [ 36%]
lab9/test_auth_module.py::test_case_10_empty_password PASSED             [ 40%]
lab9/test_auth_module.py::test_case_11_empty_full_name PASSED            [ 44%]
lab9/test_auth_module.py::test_case_12_whitespace_email PASSED           [ 48%]
lab9/test_auth_module.py::test_case_13_email_case_insensitive PASSED     [ 52%]
lab9/test_auth_module.py::test_case_14_jwt_token_structure PASSED        [ 56%]
lab9/test_auth_module.py::test_case_15_user_data_in_response PASSED      [ 60%]
lab9/test_auth_module.py::test_case_16_password_min_length_boundary PASSED [ 64%]
lab9/test_auth_module.py::test_case_17_password_5_chars PASSED           [ 68%]
lab9/test_auth_module.py::test_case_18_special_chars_in_password PASSED  [ 72%]
lab9/test_auth_module.py::test_case_19_long_password PASSED              [ 76%]
lab9/test_auth_module.py::test_case_20_email_with_plus PASSED            [ 80%]
lab9/test_auth_module.py::test_case_21_email_with_subdomain PASSED       [ 84%]
lab9/test_auth_module.py::test_case_22_full_name_with_spaces PASSED      [ 88%]
lab9/test_auth_module.py::test_case_23_full_name_with_hyphen PASSED      [ 92%]
lab9/test_auth_module.py::test_case_24_login_after_registration PASSED   [ 96%]
lab9/test_auth_module.py::test_case_25_multiple_registrations_different_emails PASSED [100%]

======================= 25 passed, 137 warnings in 3.85s =======================
